2026-02-13 23:49:18,076 - parsers.utils - INFO - Логирование в файл включено: logs/parser.log
2026-02-13 23:49:18,076 - __main__ - INFO - Логирование инициализировано
2026-02-13 23:49:23,629 - __main__ - INFO - WebDriver успешно создан
2026-02-13 23:49:23,629 - __main__ - INFO - ==================================================
2026-02-13 23:49:23,629 - __main__ - INFO - Начало парсинга azbukatepla.by
2026-02-13 23:49:23,630 - __main__ - INFO - Ищем товары марок: TECLine, vaillant eloBLOCK VE, PROTHERM СКАТ, TEKNIX ESPRO
2026-02-13 23:49:23,630 - __main__ - INFO - ==================================================
2026-02-13 23:49:23,630 - __main__ - INFO - Загрузка существующих товаров из БД...
2026-02-13 23:49:23,678 - __main__ - INFO - Найдено существующих товаров в БД: 43
2026-02-13 23:49:23,678 - __main__ - INFO - Начинаем сбор URL страниц пагинации с: https://azbukatepla.by/product-cat/kotly-otopleniya/elektricheskie-kotly?fwp__k_type=elektricheskij
2026-02-13 23:49:28,964 - __main__ - INFO - Элементы пагинации не найдены, обрабатываем только первую страницу
2026-02-13 23:49:28,964 - __main__ - INFO - Будет обработано страниц: 1
2026-02-13 23:49:28,964 - __main__ - INFO - --------------------------------------------------
2026-02-13 23:49:28,965 - __main__ - INFO - Обработка страницы 1/1: https://azbukatepla.by/product-cat/kotly-otopleniya/elektricheskie-kotly?fwp__k_type=elektricheskij
2026-02-13 23:49:28,965 - __main__ - INFO - --------------------------------------------------
2026-02-13 23:49:32,688 - __main__ - INFO - Найдено товаров на странице https://azbukatepla.by/product-cat/kotly-otopleniya/elektricheskie-kotly?fwp__k_type=elektricheskij: 61
2026-02-13 23:49:32,689 - __main__ - INFO - Пропущено существующих товаров (уже в БД): 47
2026-02-13 23:49:32,690 - __main__ - INFO - Страница 1: найдено товаров=0, ошибок=0, пропущено=14
2026-02-13 23:49:32,690 - __main__ - INFO - ==================================================
2026-02-13 23:49:32,690 - __main__ - INFO - Парсинг завершен!
2026-02-13 23:49:32,690 - __main__ - INFO - Обработано страниц: 1
2026-02-13 23:49:32,690 - __main__ - INFO - Успешно обработано товаров: 0
2026-02-13 23:49:32,690 - __main__ - INFO - Пропущено (не целевые марки): 14
2026-02-13 23:49:32,691 - __main__ - INFO - Ошибок: 0
2026-02-13 23:49:32,691 - __main__ - INFO - ==================================================
2026-02-13 23:49:34,902 - __main__ - INFO - WebDriver закрыт
